2017-11-12 19:46:30,716 [6] INFO  Zenefits.Assignment.UI.Controllers.MyComapanyController People data fetched successfully to UI!!
2017-11-12 19:47:02,961 [5] INFO  Zenefits.Assignment.UI.Controllers.MyComapanyController People data fetched successfully to UI!!
2017-11-12 19:47:23,965 [5] INFO  Zenefits.Assignment.UI.Controllers.MyComapanyController People data fetched successfully to UI!!
2017-11-12 19:48:24,653 [5] INFO  Zenefits.Assignment.UI.Controllers.MyComapanyController Company data fetched successfully to UI!!
2017-11-12 20:45:17,237 [5] INFO  Zenefits.Assignment.UI.Controllers.MyComapanyController Company data fetched successfully to UI!!
2017-11-12 20:46:29,053 [5] INFO  Zenefits.Assignment.UI.Controllers.MyComapanyController Company data fetched successfully to UI!!
2017-11-12 20:49:39,799 [5] INFO  Zenefits.Assignment.UI.Controllers.MyComapanyController Company data fetched successfully to UI!!
2017-11-12 20:50:16,778 [8] INFO  Zenefits.Assignment.UI.Controllers.MyComapanyController Company data fetched successfully to UI!!
2017-11-12 20:51:26,034 [13] INFO  Zenefits.Assignment.UI.Controllers.MyComapanyController Company data fetched successfully to UI!!
2017-11-12 20:55:54,553 [5] INFO  Zenefits.Assignment.UI.Controllers.MyCompanyController Company data fetched successfully to UI!!
2017-11-12 21:26:06,230 [5] INFO  Zenefits.Assignment.UI.Controllers.MyCompanyController Company data fetched successfully to UI!!
2017-11-12 21:26:08,773 [5] INFO  Zenefits.Assignment.UI.Controllers.MyCompanyController Company data fetched successfully to UI!!
2017-11-12 21:30:12,688 [5] INFO  Zenefits.Assignment.UI.Controllers.MyCompanyController Company data fetched successfully to UI!!
2017-11-12 21:30:26,086 [5] INFO  Zenefits.Assignment.UI.Controllers.MyCompanyController Company data fetched successfully to UI!!
2017-11-12 21:32:06,983 [5] INFO  Zenefits.Assignment.UI.Controllers.MyCompanyController Company data fetched successfully to UI!!
2017-11-12 21:38:01,649 [5] INFO  Zenefits.Assignment.UI.Controllers.MyCompanyController Company data fetched successfully to UI!!
2017-11-12 21:38:24,261 [5] INFO  Zenefits.Assignment.UI.Controllers.MyCompanyController Company data fetched successfully to UI!!
2017-11-12 21:39:07,224 [5] INFO  Zenefits.Assignment.UI.Controllers.MyCompanyController People data fetched successfully to UI!!
2017-11-12 21:39:32,383 [5] INFO  Zenefits.Assignment.UI.Controllers.MyCompanyController Company data fetched successfully to UI!!
2017-11-12 21:40:22,816 [5] INFO  Zenefits.Assignment.UI.Controllers.MyCompanyController Company data fetched successfully to UI!!
2017-11-12 21:40:33,242 [5] INFO  Zenefits.Assignment.UI.Controllers.MyCompanyController Company data fetched successfully to UI!!
2017-11-12 22:01:41,153 [5] INFO  Zenefits.Assignment.UI.Controllers.MyCompanyController Company data fetched successfully to UI!!
2017-11-12 22:01:55,317 [8] INFO  Zenefits.Assignment.UI.Controllers.MyCompanyController Department data fetched successfully to UI!!
2017-11-12 22:02:45,817 [8] INFO  Zenefits.Assignment.UI.Controllers.MyCompanyController Company data fetched successfully to UI!!
2017-11-12 22:06:43,587 [5] INFO  Zenefits.Assignment.UI.Controllers.MyCompanyController Company data fetched successfully to UI!!
2017-11-12 22:07:04,793 [5] INFO  Zenefits.Assignment.UI.Controllers.MyCompanyController Department data fetched successfully to UI!!
2017-11-12 22:07:05,904 [5] INFO  Zenefits.Assignment.UI.Controllers.MyCompanyController Company data fetched successfully to UI!!
2017-11-12 22:09:09,989 [5] INFO  Zenefits.Assignment.UI.Controllers.MyCompanyController Department data fetched successfully to UI!!
2017-11-12 22:09:15,234 [5] INFO  Zenefits.Assignment.UI.Controllers.MyCompanyController Company data fetched successfully to UI!!
2017-11-12 22:10:15,740 [21] INFO  Zenefits.Assignment.UI.Controllers.MyCompanyController Department data fetched successfully to UI!!
2017-11-12 22:10:20,624 [21] INFO  Zenefits.Assignment.UI.Controllers.MyCompanyController Company data fetched successfully to UI!!
2017-11-12 23:27:17,165 [5] INFO  Zenefits.Assignment.UI.Controllers.MyCompanyController Company data fetched successfully to UI!!
2017-11-12 23:27:24,288 [5] INFO  Zenefits.Assignment.UI.Controllers.MyCompanyController People data fetched successfully to UI!!
2017-11-12 23:27:25,879 [5] INFO  Zenefits.Assignment.UI.Controllers.MyCompanyController Company data fetched successfully to UI!!
2017-11-12 23:28:21,396 [9] INFO  Zenefits.Assignment.UI.Controllers.MyCompanyController People data fetched successfully to UI!!
2017-11-12 23:31:37,043 [5] INFO  Zenefits.Assignment.UI.Controllers.MyCompanyController Company data fetched successfully to UI!!
2017-11-12 23:32:44,657 [6] INFO  Zenefits.Assignment.UI.Controllers.MyCompanyController Company data fetched successfully to UI!!
2017-11-12 23:37:07,931 [5] INFO  Zenefits.Assignment.UI.Controllers.MyCompanyController Company data fetched successfully to UI!!
2017-11-12 23:39:18,500 [5] INFO  Zenefits.Assignment.UI.Controllers.MyCompanyController Company data fetched successfully to UI!!
2017-11-12 23:41:05,848 [5] INFO  Zenefits.Assignment.UI.Controllers.MyCompanyController Company data fetched successfully to UI!!
2017-11-12 23:41:58,745 [5] INFO  Zenefits.Assignment.UI.Controllers.MyCompanyController Company data fetched successfully to UI!!
2017-11-12 23:45:03,687 [5] INFO  Zenefits.Assignment.UI.Controllers.MyCompanyController Company data fetched successfully to UI!!
2017-11-13 00:38:08,546 [5] INFO  Zenefits.Assignment.UI.Controllers.MyCompanyController Company data fetched successfully to UI!!
2017-11-13 00:38:13,605 [5] INFO  Zenefits.Assignment.UI.Controllers.MyCompanyController People data fetched successfully to UI!!
2017-11-13 00:38:31,633 [5] INFO  Zenefits.Assignment.UI.Controllers.MyCompanyController People data fetched successfully to UI!!
2017-11-13 00:38:41,598 [5] INFO  Zenefits.Assignment.UI.Controllers.MyCompanyController People data fetched successfully to UI!!
2017-11-13 00:38:46,288 [5] INFO  Zenefits.Assignment.UI.Controllers.MyCompanyController Company data fetched successfully to UI!!
2017-11-13 00:39:45,609 [10] INFO  Zenefits.Assignment.UI.Controllers.MyCompanyController People data fetched successfully to UI!!
2017-11-13 00:39:57,237 [9] INFO  Zenefits.Assignment.UI.Controllers.MyCompanyController People data fetched successfully to UI!!
2017-11-13 00:40:44,281 [10] INFO  Zenefits.Assignment.UI.Controllers.MyCompanyController People data fetched successfully to UI!!
2017-11-13 00:40:49,068 [10] INFO  Zenefits.Assignment.UI.Controllers.MyCompanyController Company data fetched successfully to UI!!
2017-11-13 00:42:18,713 [5] INFO  Zenefits.Assignment.UI.Controllers.MyCompanyController Company data fetched successfully to UI!!
2017-11-13 00:42:19,555 [9] INFO  Zenefits.Assignment.UI.Controllers.MyCompanyController People data fetched successfully to UI!!
2017-11-13 00:42:20,928 [9] INFO  Zenefits.Assignment.UI.Controllers.MyCompanyController Company data fetched successfully to UI!!
2017-11-13 00:42:26,340 [8] INFO  Zenefits.Assignment.UI.Controllers.MyCompanyController People data fetched successfully to UI!!
2017-11-13 00:42:27,306 [8] INFO  Zenefits.Assignment.UI.Controllers.MyCompanyController Company data fetched successfully to UI!!
2017-11-13 00:43:00,968 [5] INFO  Zenefits.Assignment.UI.Controllers.MyCompanyController People data fetched successfully to UI!!
2017-11-13 00:43:02,362 [5] INFO  Zenefits.Assignment.UI.Controllers.MyCompanyController Company data fetched successfully to UI!!
2017-11-13 00:43:07,197 [5] INFO  Zenefits.Assignment.UI.Controllers.MyCompanyController People data fetched successfully to UI!!
2017-11-13 00:43:08,387 [5] INFO  Zenefits.Assignment.UI.Controllers.MyCompanyController Company data fetched successfully to UI!!
2017-11-13 00:43:19,722 [5] INFO  Zenefits.Assignment.UI.Controllers.MyCompanyController People data fetched successfully to UI!!
2017-11-13 00:43:20,801 [5] INFO  Zenefits.Assignment.UI.Controllers.MyCompanyController Company data fetched successfully to UI!!
2017-11-13 00:44:45,205 [9] INFO  Zenefits.Assignment.UI.Controllers.MyCompanyController People data fetched successfully to UI!!
2017-11-13 00:44:50,530 [9] INFO  Zenefits.Assignment.UI.Controllers.MyCompanyController Company data fetched successfully to UI!!
2017-11-13 00:45:44,071 [8] INFO  Zenefits.Assignment.UI.Controllers.MyCompanyController People data fetched successfully to UI!!
2017-11-13 00:45:49,703 [8] INFO  Zenefits.Assignment.UI.Controllers.MyCompanyController Company data fetched successfully to UI!!
2017-11-13 00:46:17,727 [8] INFO  Zenefits.Assignment.UI.Controllers.MyCompanyController People data fetched successfully to UI!!
2017-11-13 00:46:22,798 [8] INFO  Zenefits.Assignment.UI.Controllers.MyCompanyController Company data fetched successfully to UI!!
2017-11-13 00:46:46,368 [8] INFO  Zenefits.Assignment.UI.Controllers.MyCompanyController People data fetched successfully to UI!!
2017-11-13 00:46:51,368 [8] INFO  Zenefits.Assignment.UI.Controllers.MyCompanyController Company data fetched successfully to UI!!
2017-11-13 00:48:00,100 [27] INFO  Zenefits.Assignment.UI.Controllers.MyCompanyController People data fetched successfully to UI!!
2017-11-13 00:48:04,747 [27] INFO  Zenefits.Assignment.UI.Controllers.MyCompanyController Company data fetched successfully to UI!!
2017-11-13 00:51:13,798 [5] INFO  Zenefits.Assignment.UI.Controllers.MyCompanyController Company data fetched successfully to UI!!
2017-11-13 00:51:26,099 [9] INFO  Zenefits.Assignment.UI.Controllers.MyCompanyController People data fetched successfully to UI!!
2017-11-13 00:51:27,377 [9] INFO  Zenefits.Assignment.UI.Controllers.MyCompanyController Company data fetched successfully to UI!!
2017-11-13 00:51:43,000 [5] INFO  Zenefits.Assignment.UI.Controllers.MyCompanyController Department data fetched successfully to UI!!
2017-11-13 00:51:44,257 [5] INFO  Zenefits.Assignment.UI.Controllers.MyCompanyController Company data fetched successfully to UI!!
2017-11-13 00:51:49,044 [5] INFO  Zenefits.Assignment.UI.Controllers.MyCompanyController People data fetched successfully to UI!!
2017-11-13 00:51:49,979 [5] INFO  Zenefits.Assignment.UI.Controllers.MyCompanyController Company data fetched successfully to UI!!
2017-11-13 00:52:26,751 [5] INFO  Zenefits.Assignment.UI.Controllers.MyCompanyController People data fetched successfully to UI!!
2017-11-13 00:52:29,380 [5] INFO  Zenefits.Assignment.UI.Controllers.MyCompanyController Company data fetched successfully to UI!!
2017-11-13 00:52:36,404 [5] INFO  Zenefits.Assignment.UI.Controllers.MyCompanyController People data fetched successfully to UI!!
2017-11-13 00:52:37,517 [5] INFO  Zenefits.Assignment.UI.Controllers.MyCompanyController Company data fetched successfully to UI!!
2017-11-13 00:53:34,208 [9] INFO  Zenefits.Assignment.UI.Controllers.MyCompanyController People data fetched successfully to UI!!
2017-11-13 00:53:38,941 [9] INFO  Zenefits.Assignment.UI.Controllers.MyCompanyController Company data fetched successfully to UI!!
2017-11-13 00:53:55,441 [13] INFO  Zenefits.Assignment.UI.Controllers.MyCompanyController Company data fetched successfully to UI!!
2017-11-13 00:54:02,692 [18] INFO  Zenefits.Assignment.UI.Controllers.MyCompanyController People data fetched successfully to UI!!
2017-11-13 00:54:04,232 [18] INFO  Zenefits.Assignment.UI.Controllers.MyCompanyController Company data fetched successfully to UI!!
2017-11-13 01:04:20,988 [5] INFO  Zenefits.Assignment.UI.Controllers.MyCompanyController Company data fetched successfully to UI!!
2017-11-13 01:04:27,102 [5] INFO  Zenefits.Assignment.UI.Controllers.MyCompanyController Department data fetched successfully to UI!!
2017-11-13 01:04:32,542 [5] INFO  Zenefits.Assignment.UI.Controllers.MyCompanyController Company data fetched successfully to UI!!
2017-11-13 01:05:14,993 [5] INFO  Zenefits.Assignment.UI.Controllers.MyCompanyController Department data fetched successfully to UI!!
2017-11-13 01:05:16,064 [5] INFO  Zenefits.Assignment.UI.Controllers.MyCompanyController Company data fetched successfully to UI!!
2017-11-13 01:05:32,393 [14] INFO  Zenefits.Assignment.UI.Controllers.MyCompanyController Department data fetched successfully to UI!!
2017-11-13 01:05:33,390 [14] INFO  Zenefits.Assignment.UI.Controllers.MyCompanyController Company data fetched successfully to UI!!
2017-11-13 01:05:54,549 [9] INFO  Zenefits.Assignment.UI.Controllers.MyCompanyController Company data fetched successfully to UI!!
2017-11-13 01:06:15,479 [14] INFO  Zenefits.Assignment.UI.Controllers.MyCompanyController Company data fetched successfully to UI!!
2017-11-13 01:06:20,005 [8] INFO  Zenefits.Assignment.UI.Controllers.MyCompanyController Department data fetched successfully to UI!!
2017-11-13 01:06:21,447 [8] INFO  Zenefits.Assignment.UI.Controllers.MyCompanyController Company data fetched successfully to UI!!
2017-11-13 01:06:29,471 [8] INFO  Zenefits.Assignment.UI.Controllers.MyCompanyController People data fetched successfully to UI!!
2017-11-13 01:06:30,530 [8] INFO  Zenefits.Assignment.UI.Controllers.MyCompanyController Company data fetched successfully to UI!!
2017-11-13 01:06:46,364 [8] INFO  Zenefits.Assignment.UI.Controllers.MyCompanyController Department data fetched successfully to UI!!
2017-11-13 01:06:47,429 [8] INFO  Zenefits.Assignment.UI.Controllers.MyCompanyController Company data fetched successfully to UI!!
2017-11-13 01:09:43,032 [5] INFO  Zenefits.Assignment.UI.Controllers.MyCompanyController Company data fetched successfully to UI!!
2017-11-13 01:10:10,845 [5] INFO  Zenefits.Assignment.UI.Controllers.MyCompanyController Department data fetched successfully to UI!!
2017-11-13 01:10:12,066 [5] INFO  Zenefits.Assignment.UI.Controllers.MyCompanyController Company data fetched successfully to UI!!
2017-11-13 01:10:21,279 [5] INFO  Zenefits.Assignment.UI.Controllers.MyCompanyController Department data fetched successfully to UI!!
2017-11-13 01:10:23,909 [5] INFO  Zenefits.Assignment.UI.Controllers.MyCompanyController Company data fetched successfully to UI!!
2017-11-13 01:10:37,091 [5] INFO  Zenefits.Assignment.UI.Controllers.MyCompanyController People data fetched successfully to UI!!
2017-11-13 01:10:38,415 [5] INFO  Zenefits.Assignment.UI.Controllers.MyCompanyController Company data fetched successfully to UI!!
2017-11-13 01:14:45,222 [9] INFO  Zenefits.Assignment.UI.Controllers.MyCompanyController People data fetched successfully to UI!!
2017-11-13 01:14:47,335 [9] INFO  Zenefits.Assignment.UI.Controllers.MyCompanyController Company data fetched successfully to UI!!
2017-11-13 01:26:32,052 [5] INFO  Zenefits.Assignment.UI.Controllers.MyCompanyController Company data fetched successfully to UI!!
2017-11-13 01:26:41,674 [6] INFO  Zenefits.Assignment.UI.Controllers.MyCompanyController Company data fetched successfully to UI!!
2017-11-13 01:27:15,983 [5] INFO  Zenefits.Assignment.UI.Controllers.MyCompanyController Department data fetched successfully to UI!!
2017-11-13 01:27:17,269 [5] INFO  Zenefits.Assignment.UI.Controllers.MyCompanyController Company data fetched successfully to UI!!
2017-11-13 01:27:39,857 [6] INFO  Zenefits.Assignment.UI.Controllers.MyCompanyController People data fetched successfully to UI!!
2017-11-13 01:27:41,043 [6] INFO  Zenefits.Assignment.UI.Controllers.MyCompanyController Company data fetched successfully to UI!!
2017-11-13 01:30:33,003 [6] INFO  Zenefits.Assignment.UI.Controllers.MyCompanyController Company data fetched successfully to UI!!
2017-11-13 01:34:24,224 [5] INFO  Zenefits.Assignment.UI.Controllers.MyCompanyController Company data fetched successfully to UI!!
2017-11-13 01:35:03,145 [5] INFO  Zenefits.Assignment.UI.Controllers.MyCompanyController Department data fetched successfully to UI!!
2017-11-13 01:35:04,147 [5] INFO  Zenefits.Assignment.UI.Controllers.MyCompanyController Company data fetched successfully to UI!!
2017-11-13 01:35:23,716 [5] INFO  Zenefits.Assignment.UI.Controllers.MyCompanyController People data fetched successfully to UI!!
2017-11-13 01:35:24,738 [5] INFO  Zenefits.Assignment.UI.Controllers.MyCompanyController Company data fetched successfully to UI!!
